Phase 9.1 Dependency-Complete Runtime Proof
Diagnostics mode: enabled (stdout/stderr mirrored)
Python executable: /opt/hostedtoolcache/Python/3.11.13/x64/bin/python
Repo root: /home/runner/work/walker-ai-team/walker-ai-team
Project root: /home/runner/work/walker-ai-team/walker-ai-team/projects/polymarket/polyquantbot
Targets file: /home/runner/work/walker-ai-team/walker-ai-team/projects/polymarket/polyquantbot/tests/runtime_proof_phase9_1_targets.txt
Loaded targets (3):
- projects/polymarket/polyquantbot/tests/test_crusader_runtime_surface.py
- projects/polymarket/polyquantbot/tests/test_phase8_7_public_paper_beta_completion_20260420.py
- projects/polymarket/polyquantbot/tests/test_phase8_8_public_paper_beta_exit_criteria_20260420.py

[1/5] create venv: /home/runner/work/walker-ai-team/walker-ai-team/projects/polymarket/polyquantbot/.venv-phase9-1-runtime-proof
venv python: /home/runner/work/walker-ai-team/walker-ai-team/projects/polymarket/polyquantbot/.venv-phase9-1-runtime-proof/bin/python
[2/5] install dependency-complete runtime/test stack
package entrypoint: python -m projects.polymarket.polyquantbot.scripts.run_phase9_1_runtime_proof
install attempt A (proxy/default env)
PASS: dependency install
[3/5] runtime-surface py_compile
PASS: py_compile
[4/5] execute runtime-surface pytest targets
command: /home/runner/work/walker-ai-team/walker-ai-team/projects/polymarket/polyquantbot/.venv-phase9-1-runtime-proof/bin/python -m pytest -q projects/polymarket/polyquantbot/tests/test_crusader_runtime_surface.py
command: /home/runner/work/walker-ai-team/walker-ai-team/projects/polymarket/polyquantbot/.venv-phase9-1-runtime-proof/bin/python -m pytest -q projects/polymarket/polyquantbot/tests/test_phase8_7_public_paper_beta_completion_20260420.py
command: /home/runner/work/walker-ai-team/walker-ai-team/projects/polymarket/polyquantbot/.venv-phase9-1-runtime-proof/bin/python -m pytest -q projects/polymarket/polyquantbot/tests/test_phase8_8_public_paper_beta_exit_criteria_20260420.py
PASS: all runtime-surface pytest targets

[5/5] runtime proof completed
