Telegram Runtime 03 Evidence Log

$ git rev-parse --abbrev-ref HEAD
work
[exit_code=0]

$ python3 -c "from datetime import datetime; from zoneinfo import ZoneInfo; print(datetime.now(ZoneInfo('Asia/Jakarta')).strftime('%Y-%m-%d %H:%M'))"
2026-04-21 16:08
[exit_code=0]

$ locale
LANG=C.UTF-8
LANGUAGE=
LC_CTYPE="C.UTF-8"
LC_NUMERIC="C.UTF-8"
LC_TIME="C.UTF-8"
LC_COLLATE="C.UTF-8"
LC_MONETARY="C.UTF-8"
LC_MESSAGES="C.UTF-8"
LC_PAPER="C.UTF-8"
LC_NAME="C.UTF-8"
LC_ADDRESS="C.UTF-8"
LC_TELEPHONE="C.UTF-8"
LC_MEASUREMENT="C.UTF-8"
LC_IDENTIFICATION="C.UTF-8"
LC_ALL=C.UTF-8
[exit_code=0]

$ python3 -m py_compile projects/polymarket/polyquantbot/client/telegram/runtime.py projects/polymarket/polyquantbot/tests/test_phase8_9_telegram_runtime_20260419.py

[exit_code=0]

$ pytest -q projects/polymarket/polyquantbot/tests/test_phase8_9_telegram_runtime_20260419.py
...................                                                      [100%]
19 passed in 0.25s
[exit_code=0]

$ flyctl version
/bin/sh: 1: flyctl: not found
[exit_code=127]

$ curl -i --max-time 20 https://crusaderbot.fly.dev/health
HTTP/1.1 403 Forbidden
content-length: 9
content-type: text/plain
date: Tue, 21 Apr 2026 09:08:41 GMT
server: envoy
connection: close

  % Total    % Received % Xferd  Average Speed   Time    Time     Time  Current
                                 Dload  Upload   Total   Spent    Left  Speed

  0     0    0     0    0     0      0      0 --:--:-- --:--:-- --:--:--     0
  0     0    0     0    0     0      0      0 --:--:-- --:--:-- --:--:--     0
curl: (56) CONNECT tunnel failed, response 403
[exit_code=56]

$ curl -i --max-time 20 https://crusaderbot.fly.dev/ready
HTTP/1.1 403 Forbidden
content-length: 9
content-type: text/plain
date: Tue, 21 Apr 2026 09:08:41 GMT
server: envoy
connection: close

  % Total    % Received % Xferd  Average Speed   Time    Time     Time  Current
                                 Dload  Upload   Total   Spent    Left  Speed

  0     0    0     0    0     0      0      0 --:--:-- --:--:-- --:--:--     0
  0     0    0     0    0     0      0      0 --:--:-- --:--:-- --:--:--     0
curl: (56) CONNECT tunnel failed, response 403
[exit_code=56]

Manual Telegram command verification (/start, /help, /status): BLOCKED in this runner (no Telegram bot token/chat interaction channel available).
